  Assembling EdgeDetectionAsm.asm...
EdgeDetectionAsm.asm(1): error A2013: .MODEL must precede this directive
EdgeDetectionAsm.asm(2): error A2013: .MODEL must precede this directive
EdgeDetectionAsm.asm(3): error A2034: must be in segment block : edgeDetection
EdgeDetectionAsm.asm(4): error A2034: must be in segment block
EdgeDetectionAsm.asm(5): error A2034: must be in segment block
EdgeDetectionAsm.asm(8): error A2034: must be in segment block
EdgeDetectionAsm.asm(9): error A2034: must be in segment block
EdgeDetectionAsm.asm(10): error A2034: must be in segment block
EdgeDetectionAsm.asm(11): error A2034: must be in segment block
EdgeDetectionAsm.asm(13): error A2034: must be in segment block
EdgeDetectionAsm.asm(14): error A2034: must be in segment block
EdgeDetectionAsm.asm(17): error A2034: must be in segment block
EdgeDetectionAsm.asm(19): error A2034: must be in segment block
EdgeDetectionAsm.asm(20): error A2034: must be in segment block
EdgeDetectionAsm.asm(23): error A2034: must be in segment block
EdgeDetectionAsm.asm(24): error A2034: must be in segment block
EdgeDetectionAsm.asm(27): error A2034: must be in segment block
EdgeDetectionAsm.asm(28): error A2034: must be in segment block
EdgeDetectionAsm.asm(29): error A2034: must be in segment block
EdgeDetectionAsm.asm(30): error A2034: must be in segment block
EdgeDetectionAsm.asm(33): error A2034: must be in segment block
EdgeDetectionAsm.asm(34): error A2034: must be in segment block
EdgeDetectionAsm.asm(35): error A2034: must be in segment block
EdgeDetectionAsm.asm(36): error A2034: must be in segment block
EdgeDetectionAsm.asm(39): error A2034: must be in segment block
EdgeDetectionAsm.asm(40): error A2034: must be in segment block
EdgeDetectionAsm.asm(41): error A2034: must be in segment block
EdgeDetectionAsm.asm(42): error A2034: must be in segment block
EdgeDetectionAsm.asm(45): error A2034: must be in segment block
EdgeDetectionAsm.asm(46): error A2034: must be in segment block
EdgeDetectionAsm.asm(47): error A2034: must be in segment block
EdgeDetectionAsm.asm(48): error A2034: must be in segment block
EdgeDetectionAsm.asm(50): error A2034: must be in segment block
EdgeDetectionAsm.asm(51): error A2034: must be in segment block
EdgeDetectionAsm.asm(52): error A2034: must be in segment block
EdgeDetectionAsm.asm(54): error A2034: must be in segment block
EdgeDetectionAsm.asm(56): error A2034: must be in segment block
EdgeDetectionAsm.asm(59): error A2034: must be in segment block
EdgeDetectionAsm.asm(62): error A2034: must be in segment block
EdgeDetectionAsm.asm(63): error A2034: must be in segment block
EdgeDetectionAsm.asm(64): error A2034: must be in segment block
EdgeDetectionAsm.asm(65): fatal error A1010: unmatched block nesting : edgeDetection
C:\Program Files (x86)\Microsoft Visual Studio\2019\Community\MSBuild\Microsoft\VC\v160\BuildCustomizations\masm.targets(70,5): error MSB3721: Polecenie ml.exe /c /nologo /Zi /Fo"Release\EdgeDetectionAsm.obj" /W3 /errorReport:prompt  /TaEdgeDetectionAsm.asm zostało zakończone; kod błędu: 1.
